[2025-08-29 15:15:28,520] torch.distributed.run: [WARNING] 
[2025-08-29 15:15:28,520] torch.distributed.run: [WARNING] *****************************************
[2025-08-29 15:15:28,520] torch.distributed.run: [WARNING] Setting OMP_NUM_THREADS environment variable for each process to be 1 in default, to avoid your system being overloaded, please further tune the variable for optimal performance in your application as needed. 
[2025-08-29 15:15:28,520] torch.distributed.run: [WARNING] *****************************************
[2025-08-29 15:15:31,442] [INFO] [real_accelerator.py:158:get_accelerator] Setting ds_accelerator to cuda (auto detect)
[2025-08-29 15:15:31,445] [INFO] [real_accelerator.py:158:get_accelerator] Setting ds_accelerator to cuda (auto detect)
[2025-08-29 15:15:31,449] [INFO] [real_accelerator.py:158:get_accelerator] Setting ds_accelerator to cuda (auto detect)
Please install pyav to use video processing functions.
/hpc2hdd/home/yuxuanzhao/miniconda3/envs/dllm/lib/python3.9/site-packages/huggingface_hub/file_download.py:945: FutureWarning: `resume_download` is deprecated and will be removed in version 1.0.0. Downloads always resume when possible. If you want to force a new download, use `force_download=True`.
  warnings.warn(
Please install pyav to use video processing functions.
Please install pyav to use video processing functions.
/hpc2hdd/home/yuxuanzhao/miniconda3/envs/dllm/lib/python3.9/site-packages/huggingface_hub/file_download.py:945: FutureWarning: `resume_download` is deprecated and will be removed in version 1.0.0. Downloads always resume when possible. If you want to force a new download, use `force_download=True`.
  warnings.warn(
/hpc2hdd/home/yuxuanzhao/miniconda3/envs/dllm/lib/python3.9/site-packages/huggingface_hub/file_download.py:945: FutureWarning: `resume_download` is deprecated and will be removed in version 1.0.0. Downloads always resume when possible. If you want to force a new download, use `force_download=True`.
  warnings.warn(
OpenCLIP not installed
OpenCLIP not installed
OpenCLIP not installed
[2025-08-29 15:15:33,530] [INFO] [comm.py:637:init_distributed] cdb=None
[2025-08-29 15:15:33,535] [INFO] [comm.py:637:init_distributed] cdb=None
[2025-08-29 15:15:33,590] [INFO] [comm.py:637:init_distributed] cdb=None
[2025-08-29 15:15:33,590] [INFO] [comm.py:668:init_distributed] Initializing TorchBackend in DeepSpeed with backend nccl
You are using a model of type llava_llada to instantiate a model of type llada. This is not supported for all configurations of models and can yield errors.
Rank 0:  Overwriting config with {'use_pos_skipping': False, 'pos_skipping_range': 4096, 'mm_spatial_pool_mode': 'bilinear'}
You are using a model of type llava_llada to instantiate a model of type llada. This is not supported for all configurations of models and can yield errors.
You are using a model of type llava_llada to instantiate a model of type llada. This is not supported for all configurations of models and can yield errors.
Rank 0:  Loading vision tower: google/siglip2-so400m-patch14-384
