[2025-09-13 04:29:36,937] [INFO] [real_accelerator.py:158:get_accelerator] Setting ds_accelerator to cuda (auto detect)
Please install pyav to use video processing functions.
/hpc2hdd/home/yuxuanzhao/miniconda3/envs/dllm/lib/python3.9/site-packages/huggingface_hub/file_download.py:945: FutureWarning: `resume_download` is deprecated and will be removed in version 1.0.0. Downloads always resume when possible. If you want to force a new download, use `force_download=True`.
  warnings.warn(
OpenCLIP not installed
[2025-09-13 04:29:42,967] [INFO] [comm.py:637:init_distributed] cdb=None
[2025-09-13 04:29:42,967] [INFO] [comm.py:668:init_distributed] Initializing TorchBackend in DeepSpeed with backend nccl
Traceback (most recent call last):
  File "/hpc2ssd/JH_DATA/spooler/yuxuanzhao/lijungang/wujie/LLaDA-V/train/llava/train/train_dpo.py", line 1857, in <module>
    train()
  File "/hpc2ssd/JH_DATA/spooler/yuxuanzhao/lijungang/wujie/LLaDA-V/train/llava/train/train_dpo.py", line 1566, in train
    model, ref_model = get_model(model_args, training_args, bnb_model_from_pretrained_args)
  File "/hpc2ssd/JH_DATA/spooler/yuxuanzhao/lijungang/wujie/LLaDA-V/train/llava/train/train_dpo.py", line 1351, in get_model
    model = LlavaLLaDAModelLM.from_pretrained(
  File "/hpc2hdd/home/yuxuanzhao/miniconda3/envs/dllm/lib/python3.9/site-packages/transformers/modeling_utils.py", line 3122, in from_pretrained
    config, model_kwargs = cls.config_class.from_pretrained(
  File "/hpc2hdd/home/yuxuanzhao/miniconda3/envs/dllm/lib/python3.9/site-packages/transformers/configuration_utils.py", line 602, in from_pretrained
    config_dict, kwargs = cls.get_config_dict(pretrained_model_name_or_path, **kwargs)
  File "/hpc2hdd/home/yuxuanzhao/miniconda3/envs/dllm/lib/python3.9/site-packages/transformers/configuration_utils.py", line 631, in get_config_dict
    config_dict, kwargs = cls._get_config_dict(pretrained_model_name_or_path, **kwargs)
  File "/hpc2hdd/home/yuxuanzhao/miniconda3/envs/dllm/lib/python3.9/site-packages/transformers/configuration_utils.py", line 686, in _get_config_dict
    resolved_config_file = cached_file(
  File "/hpc2hdd/home/yuxuanzhao/miniconda3/envs/dllm/lib/python3.9/site-packages/transformers/utils/hub.py", line 369, in cached_file
    raise EnvironmentError(
OSError: /hpc2ssd/JH_DATA/spooler/yuxuanzhao/lijungang/wujie/LLaDA-V/train/models/LLaDA-V does not appear to have a file named config.json. Checkout 'https://huggingface.co//hpc2ssd/JH_DATA/spooler/yuxuanzhao/lijungang/wujie/LLaDA-V/train/models/LLaDA-V/tree/main' for available files.
[2025-09-13 04:29:45,941] torch.distributed.elastic.multiprocessing.api: [ERROR] failed (exitcode: 1) local_rank: 0 (pid: 124544) of binary: /hpc2hdd/home/yuxuanzhao/miniconda3/envs/dllm/bin/python
Traceback (most recent call last):
  File "/hpc2hdd/home/yuxuanzhao/miniconda3/envs/dllm/bin/torchrun", line 33, in <module>
    sys.exit(load_entry_point('torch==2.1.2', 'console_scripts', 'torchrun')())
  File "/hpc2hdd/home/yuxuanzhao/miniconda3/envs/dllm/lib/python3.9/site-packages/torch/distributed/elastic/multiprocessing/errors/__init__.py", line 346, in wrapper
    return f(*args, **kwargs)
  File "/hpc2hdd/home/yuxuanzhao/miniconda3/envs/dllm/lib/python3.9/site-packages/torch/distributed/run.py", line 806, in main
    run(args)
  File "/hpc2hdd/home/yuxuanzhao/miniconda3/envs/dllm/lib/python3.9/site-packages/torch/distributed/run.py", line 797, in run
    elastic_launch(
  File "/hpc2hdd/home/yuxuanzhao/miniconda3/envs/dllm/lib/python3.9/site-packages/torch/distributed/launcher/api.py", line 134, in __call__
    return launch_agent(self._config, self._entrypoint, list(args))
  File "/hpc2hdd/home/yuxuanzhao/miniconda3/envs/dllm/lib/python3.9/site-packages/torch/distributed/launcher/api.py", line 264, in launch_agent
    raise ChildFailedError(
torch.distributed.elastic.multiprocessing.errors.ChildFailedError: 
============================================================
llava/train/train_dpo.py FAILED
------------------------------------------------------------
Failures:
  <NO_OTHER_FAILURES>
------------------------------------------------------------
Root Cause (first observed failure):
[0]:
  time      : 2025-09-13_04:29:45
  host      : d5fd97d7a706
  rank      : 0 (local_rank: 0)
  exitcode  : 1 (pid: 124544)
  error_file: <N/A>
  traceback : To enable traceback see: https://pytorch.org/docs/stable/elastic/errors.html
============================================================
