[2025-08-25 15:31:43,783] torch.distributed.run: [WARNING] 
[2025-08-25 15:31:43,783] torch.distributed.run: [WARNING] *****************************************
[2025-08-25 15:31:43,783] torch.distributed.run: [WARNING] Setting OMP_NUM_THREADS environment variable for each process to be 1 in default, to avoid your system being overloaded, please further tune the variable for optimal performance in your application as needed. 
[2025-08-25 15:31:43,783] torch.distributed.run: [WARNING] *****************************************
[2025-08-25 15:31:46,702] [INFO] [real_accelerator.py:158:get_accelerator] Setting ds_accelerator to cuda (auto detect)
[2025-08-25 15:31:46,726] [INFO] [real_accelerator.py:158:get_accelerator] Setting ds_accelerator to cuda (auto detect)
Please install pyav to use video processing functions.
Please install pyav to use video processing functions.
/hpc2hdd/home/yuxuanzhao/miniconda3/envs/dllm/lib/python3.9/site-packages/huggingface_hub/file_download.py:945: FutureWarning: `resume_download` is deprecated and will be removed in version 1.0.0. Downloads always resume when possible. If you want to force a new download, use `force_download=True`.
  warnings.warn(
/hpc2hdd/home/yuxuanzhao/miniconda3/envs/dllm/lib/python3.9/site-packages/huggingface_hub/file_download.py:945: FutureWarning: `resume_download` is deprecated and will be removed in version 1.0.0. Downloads always resume when possible. If you want to force a new download, use `force_download=True`.
  warnings.warn(
OpenCLIP not installed
[2025-08-25 15:31:50,292] [INFO] [comm.py:637:init_distributed] cdb=None
OpenCLIP not installed
[2025-08-25 15:31:50,577] [INFO] [comm.py:637:init_distributed] cdb=None
[2025-08-25 15:31:50,577] [INFO] [comm.py:668:init_distributed] Initializing TorchBackend in DeepSpeed with backend nccl
You are using a model of type llava_llada to instantiate a model of type llada. This is not supported for all configurations of models and can yield errors.
Rank 0:  Overwriting config with {'use_pos_skipping': False, 'pos_skipping_range': 4096, 'mm_spatial_pool_mode': 'bilinear'}
You are using a model of type llava_llada to instantiate a model of type llada. This is not supported for all configurations of models and can yield errors.
Rank 0:  Loading vision tower: google/siglip2-so400m-patch14-384
Loading checkpoint shards:   0%|          | 0/6 [00:00<?, ?it/s]Loading checkpoint shards:   0%|          | 0/6 [00:00<?, ?it/s]Loading checkpoint shards:  17%|█▋        | 1/6 [00:03<00:15,  3.02s/it]Loading checkpoint shards:  17%|█▋        | 1/6 [00:03<00:15,  3.00s/it]Loading checkpoint shards:  33%|███▎      | 2/6 [00:05<00:11,  2.92s/it]Loading checkpoint shards:  33%|███▎      | 2/6 [00:05<00:11,  2.96s/it]Loading checkpoint shards:  50%|█████     | 3/6 [00:08<00:08,  2.88s/it]Loading checkpoint shards:  50%|█████     | 3/6 [00:08<00:08,  2.95s/it]Loading checkpoint shards:  67%|██████▋   | 4/6 [00:11<00:05,  2.90s/it]Loading checkpoint shards:  67%|██████▋   | 4/6 [00:11<00:05,  2.96s/it]Loading checkpoint shards:  83%|████████▎ | 5/6 [00:14<00:02,  2.89s/it]Loading checkpoint shards:  83%|████████▎ | 5/6 [00:14<00:02,  2.96s/it]Loading checkpoint shards: 100%|██████████| 6/6 [00:16<00:00,  2.46s/it]Loading checkpoint shards: 100%|██████████| 6/6 [00:16<00:00,  2.69s/it]
Special tokens have been added in the vocabulary, make sure the associated word embeddings are fine-tuned or trained.
Loading checkpoint shards: 100%|██████████| 6/6 [00:16<00:00,  2.56s/it]Loading checkpoint shards: 100%|██████████| 6/6 [00:16<00:00,  2.76s/it]
Special tokens have been added in the vocabulary, make sure the associated word embeddings are fine-tuned or trained.
Rank 0:  Prompt version: llava_llada
Rank 0:  google/siglip2-so400m-patch14-384 is already loaded, `load_model` called again, skipping.
Rank 0:  Loaded mm projector weights from /hpc2ssd/JH_DATA/spooler/yuxuanzhao/lijungang/wujie/LLaDA-V/train/exp/llada_v_finetune/mm_projector.bin. Incompatible keys: <All keys matched successfully>
Rank 0:  Loaded vision resampler weights from /hpc2ssd/JH_DATA/spooler/yuxuanzhao/lijungang/wujie/LLaDA-V/train/exp/llada_v_finetune/mm_projector.bin. Incompatible keys: <All keys matched successfully>
Rank 0:  Using mm_tunable_parts: mm_mlp_adapter
Rank 0:  Total parameters: ~8433.89 MB)
Rank 0:  Trainable parameters: ~21.50 MB)
Rank 0:  Loading data using traditional JSON format
Rank 0:  Loading /hpc2ssd/JH_DATA/spooler/yuxuanzhao/lijungang/wujie/LLaDA-V/dataset/textvqa_bbox_coords_384/textvqa_bbox_coords_llava_384.json
Rank 0:  Loaded 4370 samples from /hpc2ssd/JH_DATA/spooler/yuxuanzhao/lijungang/wujie/LLaDA-V/dataset/textvqa_bbox_coords_384/textvqa_bbox_coords_llava_384.json
Rank 0:  Loaded 4370 samples from /hpc2ssd/JH_DATA/spooler/yuxuanzhao/lijungang/wujie/LLaDA-V/dataset/textvqa_bbox_coords_384/textvqa_bbox_coords_llava_384.json
Rank 0:  Formatting inputs...Skip in lazy mode
Rank 0:  Setting NCCL timeout to INF to avoid running errors.
Detected kernel version 5.4.0, which is below the recommended minimum of 5.5.0; this can cause the process to hang. It is recommended to upgrade the kernel to the minimum version or higher.
Installed CUDA version 12.2 does not match the version torch was compiled with 12.1 but since the APIs are compatible, accepting this combination
Using /hpc2hdd/home/yuxuanzhao/.cache/torch_extensions/py39_cu121 as PyTorch extensions root...
Installed CUDA version 12.2 does not match the version torch was compiled with 12.1 but since the APIs are compatible, accepting this combination
Using /hpc2hdd/home/yuxuanzhao/.cache/torch_extensions/py39_cu121 as PyTorch extensions root...
Detected CUDA files, patching ldflags
Emitting ninja build file /hpc2hdd/home/yuxuanzhao/.cache/torch_extensions/py39_cu121/fused_adam/build.ninja...
Building extension module fused_adam...
Allowing ninja to set a default number of workers... (overridable by setting the environment variable MAX_JOBS=N)
ninja: no work to do.
Loading extension module fused_adam...
Time to load fused_adam op: 0.4794776439666748 seconds
Loading extension module fused_adam...
Time to load fused_adam op: 0.507821798324585 seconds
  0%|          | 0/2184 [00:00<?, ?it/s]huggingface/tokenizers: The current process just got forked, after parallelism has already been used. Disabling parallelism to avoid deadlocks...
To disable this warning, you can either:
	- Avoid using `tokenizers` before the fork if possible
	- Explicitly set the environment variable TOKENIZERS_PARALLELISM=(true | false)
huggingface/tokenizers: The current process just got forked, after parallelism has already been used. Disabling parallelism to avoid deadlocks...
To disable this warning, you can either:
	- Avoid using `tokenizers` before the fork if possible
	- Explicitly set the environment variable TOKENIZERS_PARALLELISM=(true | false)
huggingface/tokenizers: The current process just got forked, after parallelism has already been used. Disabling parallelism to avoid deadlocks...
To disable this warning, you can either:
	- Avoid using `tokenizers` before the fork if possible
	- Explicitly set the environment variable TOKENIZERS_PARALLELISM=(true | false)
huggingface/tokenizers: The current process just got forked, after parallelism has already been used. Disabling parallelism to avoid deadlocks...
To disable this warning, you can either:
	- Avoid using `tokenizers` before the fork if possible
	- Explicitly set the environment variable TOKENIZERS_PARALLELISM=(true | false)
huggingface/tokenizers: The current process just got forked, after parallelism has already been used. Disabling parallelism to avoid deadlocks...
To disable this warning, you can either:
	- Avoid using `tokenizers` before the fork if possible
	- Explicitly set the environment variable TOKENIZERS_PARALLELISM=(true | false)
huggingface/tokenizers: The current process just got forked, after parallelism has already been used. Disabling parallelism to avoid deadlocks...
To disable this warning, you can either:
	- Avoid using `tokenizers` before the fork if possible
	- Explicitly set the environment variable TOKENIZERS_PARALLELISM=(true | false)
huggingface/tokenizers: The current process just got forked, after parallelism has already been used. Disabling parallelism to avoid deadlocks...
To disable this warning, you can either:
	- Avoid using `tokenizers` before the fork if possible
	- Explicitly set the environment variable TOKENIZERS_PARALLELISM=(true | false)
huggingface/tokenizers: The current process just got forked, after parallelism has already been used. Disabling parallelism to avoid deadlocks...
To disable this warning, you can either:
	- Avoid using `tokenizers` before the fork if possible
	- Explicitly set the environment variable TOKENIZERS_PARALLELISM=(true | false)
huggingface/tokenizers: The current process just got forked, after parallelism has already been used. Disabling parallelism to avoid deadlocks...
To disable this warning, you can either:
	- Avoid using `tokenizers` before the fork if possible
	- Explicitly set the environment variable TOKENIZERS_PARALLELISM=(true | false)
huggingface/tokenizers: The current process just got forked, after parallelism has already been used. Disabling parallelism to avoid deadlocks...
To disable this warning, you can either:
	- Avoid using `tokenizers` before the fork if possible
	- Explicitly set the environment variable TOKENIZERS_PARALLELISM=(true | false)
huggingface/tokenizers: The current process just got forked, after parallelism has already been used. Disabling parallelism to avoid deadlocks...
To disable this warning, you can either:
	- Avoid using `tokenizers` before the fork if possible
	- Explicitly set the environment variable TOKENIZERS_PARALLELISM=(true | false)
huggingface/tokenizers: The current process just got forked, after parallelism has already been used. Disabling parallelism to avoid deadlocks...
To disable this warning, you can either:
	- Avoid using `tokenizers` before the fork if possible
	- Explicitly set the environment variable TOKENIZERS_PARALLELISM=(true | false)
huggingface/tokenizers: The current process just got forked, after parallelism has already been used. Disabling parallelism to avoid deadlocks...
To disable this warning, you can either:
	- Avoid using `tokenizers` before the fork if possible
	- Explicitly set the environment variable TOKENIZERS_PARALLELISM=(true | false)
huggingface/tokenizers: The current process just got forked, after parallelism has already been used. Disabling parallelism to avoid deadlocks...
To disable this warning, you can either:
	- Avoid using `tokenizers` before the fork if possible
	- Explicitly set the environment variable TOKENIZERS_PARALLELISM=(true | false)
huggingface/tokenizers: The current process just got forked, after parallelism has already been used. Disabling parallelism to avoid deadlocks...
To disable this warning, you can either:
	- Avoid using `tokenizers` before the fork if possible
	- Explicitly set the environment variable TOKENIZERS_PARALLELISM=(true | false)
huggingface/tokenizers: The current process just got forked, after parallelism has already been used. Disabling parallelism to avoid deadlocks...
To disable this warning, you can either:
	- Avoid using `tokenizers` before the fork if possible
	- Explicitly set the environment variable TOKENIZERS_PARALLELISM=(true | false)
Traceback (most recent call last):
  File "/hpc2ssd/JH_DATA/spooler/yuxuanzhao/lijungang/wujie/LLaDA-V/train/llava/train/train_mem.py", line 4, in <module>
    train()
  File "/hpc2ssd/JH_DATA/spooler/yuxuanzhao/lijungang/wujie/LLaDA-V/train/llava/train/train.py", line 2019, in train
    trainer.train(resume_from_checkpoint=False)
  File "/hpc2hdd/home/yuxuanzhao/miniconda3/envs/dllm/lib/python3.9/site-packages/transformers/trainer.py", line 1859, in train
    return inner_training_loop(
  File "/hpc2hdd/home/yuxuanzhao/miniconda3/envs/dllm/lib/python3.9/site-packages/transformers/trainer.py", line 2203, in _inner_training_loop
    tr_loss_step = self.training_step(model, inputs)
  File "/hpc2hdd/home/yuxuanzhao/miniconda3/envs/dllm/lib/python3.9/site-packages/transformers/trainer.py", line 3147, in training_step
    self.accelerator.backward(loss)
  File "/hpc2hdd/home/yuxuanzhao/miniconda3/envs/dllm/lib/python3.9/site-packages/accelerate/accelerator.py", line 2007, in backward
    self.deepspeed_engine_wrapped.backward(loss, **kwargs)
  File "/hpc2hdd/home/yuxuanzhao/miniconda3/envs/dllm/lib/python3.9/site-packages/accelerate/utils/deepspeed.py", line 166, in backward
    self.engine.backward(loss, **kwargs)
  File "/hpc2hdd/home/yuxuanzhao/miniconda3/envs/dllm/lib/python3.9/site-packages/deepspeed/utils/nvtx.py", line 15, in wrapped_fn
    ret_val = func(*args, **kwargs)
  File "/hpc2hdd/home/yuxuanzhao/miniconda3/envs/dllm/lib/python3.9/site-packages/deepspeed/runtime/engine.py", line 1936, in backward
    self.optimizer.backward(loss, retain_graph=retain_graph)
  File "/hpc2hdd/home/yuxuanzhao/miniconda3/envs/dllm/lib/python3.9/site-packages/deepspeed/runtime/zero/stage_1_and_2.py", line 1953, in backward
    self.loss_scaler.backward(loss.float(), retain_graph=retain_graph)
  File "/hpc2hdd/home/yuxuanzhao/miniconda3/envs/dllm/lib/python3.9/site-packages/deepspeed/runtime/fp16/loss_scaler.py", line 63, in backward
    scaled_loss.backward(retain_graph=retain_graph)
  File "/hpc2hdd/home/yuxuanzhao/miniconda3/envs/dllm/lib/python3.9/site-packages/torch/_tensor.py", line 492, in backward
    torch.autograd.backward(
  File "/hpc2hdd/home/yuxuanzhao/miniconda3/envs/dllm/lib/python3.9/site-packages/torch/autograd/__init__.py", line 251, in backward
    Variable._execution_engine.run_backward(  # Calls into the C++ engine to run the backward pass
torch.cuda.OutOfMemoryError: CUDA out of memory. Tried to allocate 784.00 MiB. GPU 0 has a total capacty of 79.33 GiB of which 436.31 MiB is free. Process 3184351 has 5.72 GiB memory in use. Process 3194724 has 5.72 GiB memory in use. Process 4033637 has 12.05 GiB memory in use. Process 2343102 has 34.69 GiB memory in use. Process 2697522 has 20.69 GiB memory in use. Of the allocated memory 18.97 GiB is allocated by PyTorch, and 811.79 MiB is reserved by PyTorch but unallocated. If reserved but unallocated memory is large try setting max_split_size_mb to avoid fragmentation.  See documentation for Memory Management and PYTORCH_CUDA_ALLOC_CONF
  0%|          | 0/2184 [00:05<?, ?it/s]
[2025-08-25 15:32:33,865] torch.distributed.elastic.multiprocessing.api: [WARNING] Sending process 1207760 closing signal SIGTERM
[2025-08-25 15:32:34,030] torch.distributed.elastic.multiprocessing.api: [ERROR] failed (exitcode: 1) local_rank: 0 (pid: 1207745) of binary: /hpc2hdd/home/yuxuanzhao/miniconda3/envs/dllm/bin/python
Traceback (most recent call last):
  File "/hpc2hdd/home/yuxuanzhao/miniconda3/envs/dllm/bin/torchrun", line 33, in <module>
    sys.exit(load_entry_point('torch==2.1.2', 'console_scripts', 'torchrun')())
  File "/hpc2hdd/home/yuxuanzhao/miniconda3/envs/dllm/lib/python3.9/site-packages/torch/distributed/elastic/multiprocessing/errors/__init__.py", line 346, in wrapper
    return f(*args, **kwargs)
  File "/hpc2hdd/home/yuxuanzhao/miniconda3/envs/dllm/lib/python3.9/site-packages/torch/distributed/run.py", line 806, in main
    run(args)
  File "/hpc2hdd/home/yuxuanzhao/miniconda3/envs/dllm/lib/python3.9/site-packages/torch/distributed/run.py", line 797, in run
    elastic_launch(
  File "/hpc2hdd/home/yuxuanzhao/miniconda3/envs/dllm/lib/python3.9/site-packages/torch/distributed/launcher/api.py", line 134, in __call__
    return launch_agent(self._config, self._entrypoint, list(args))
  File "/hpc2hdd/home/yuxuanzhao/miniconda3/envs/dllm/lib/python3.9/site-packages/torch/distributed/launcher/api.py", line 264, in launch_agent
    raise ChildFailedError(
torch.distributed.elastic.multiprocessing.errors.ChildFailedError: 
============================================================
llava/train/train_mem.py FAILED
------------------------------------------------------------
Failures:
  <NO_OTHER_FAILURES>
------------------------------------------------------------
Root Cause (first observed failure):
[0]:
  time      : 2025-08-25_15:32:33
  host      : 956aa2bad2ae
  rank      : 0 (local_rank: 0)
  exitcode  : 1 (pid: 1207745)
  error_file: <N/A>
  traceback : To enable traceback see: https://pytorch.org/docs/stable/elastic/errors.html
============================================================
