[2025-08-25 20:11:47,133] torch.distributed.run: [WARNING] 
[2025-08-25 20:11:47,133] torch.distributed.run: [WARNING] *****************************************
[2025-08-25 20:11:47,133] torch.distributed.run: [WARNING] Setting OMP_NUM_THREADS environment variable for each process to be 1 in default, to avoid your system being overloaded, please further tune the variable for optimal performance in your application as needed. 
[2025-08-25 20:11:47,133] torch.distributed.run: [WARNING] *****************************************
[2025-08-25 20:11:49,922] [INFO] [real_accelerator.py:158:get_accelerator] Setting ds_accelerator to cuda (auto detect)
[2025-08-25 20:11:49,942] [INFO] [real_accelerator.py:158:get_accelerator] Setting ds_accelerator to cuda (auto detect)
[2025-08-25 20:11:49,942] [INFO] [real_accelerator.py:158:get_accelerator] Setting ds_accelerator to cuda (auto detect)
Please install pyav to use video processing functions.
/hpc2hdd/home/yuxuanzhao/miniconda3/envs/dllm/lib/python3.9/site-packages/huggingface_hub/file_download.py:945: FutureWarning: `resume_download` is deprecated and will be removed in version 1.0.0. Downloads always resume when possible. If you want to force a new download, use `force_download=True`.
  warnings.warn(
Please install pyav to use video processing functions.
/hpc2hdd/home/yuxuanzhao/miniconda3/envs/dllm/lib/python3.9/site-packages/huggingface_hub/file_download.py:945: FutureWarning: `resume_download` is deprecated and will be removed in version 1.0.0. Downloads always resume when possible. If you want to force a new download, use `force_download=True`.
  warnings.warn(
Please install pyav to use video processing functions.
/hpc2hdd/home/yuxuanzhao/miniconda3/envs/dllm/lib/python3.9/site-packages/huggingface_hub/file_download.py:945: FutureWarning: `resume_download` is deprecated and will be removed in version 1.0.0. Downloads always resume when possible. If you want to force a new download, use `force_download=True`.
  warnings.warn(
OpenCLIP not installed
OpenCLIP not installed
OpenCLIP not installed
[2025-08-25 20:11:52,221] [INFO] [comm.py:637:init_distributed] cdb=None
[2025-08-25 20:11:52,378] [INFO] [comm.py:637:init_distributed] cdb=None
[2025-08-25 20:11:52,532] [INFO] [comm.py:637:init_distributed] cdb=None
[2025-08-25 20:11:52,532] [INFO] [comm.py:668:init_distributed] Initializing TorchBackend in DeepSpeed with backend nccl
Traceback (most recent call last):
  File "/hpc2ssd/JH_DATA/spooler/yuxuanzhao/lijungang/wujie/LLaDA-V/train/llava/train/train_mem.py", line 4, in <module>
    train()
  File "/hpc2ssd/JH_DATA/spooler/yuxuanzhao/lijungang/wujie/LLaDA-V/train/llava/train/train.py", line 1770, in train
    model_args, data_args, training_args = parser.parse_args_into_dataclasses()
  File "/hpc2hdd/home/yuxuanzhao/miniconda3/envs/dllm/lib/python3.9/site-packages/transformers/hf_argparser.py", line 348, in parse_args_into_dataclasses
    raise ValueError(f"Some specified arguments are not used by the HfArgumentParser: {remaining_args}")
ValueError: Some specified arguments are not used by the HfArgumentParser: ['--mm_hidden_size', '4096', '--mm_vision_tower_hidden_size', '1152']
Traceback (most recent call last):
  File "/hpc2ssd/JH_DATA/spooler/yuxuanzhao/lijungang/wujie/LLaDA-V/train/llava/train/train_mem.py", line 4, in <module>
    train()
  File "/hpc2ssd/JH_DATA/spooler/yuxuanzhao/lijungang/wujie/LLaDA-V/train/llava/train/train.py", line 1770, in train
    model_args, data_args, training_args = parser.parse_args_into_dataclasses()
  File "/hpc2hdd/home/yuxuanzhao/miniconda3/envs/dllm/lib/python3.9/site-packages/transformers/hf_argparser.py", line 348, in parse_args_into_dataclasses
    raise ValueError(f"Some specified arguments are not used by the HfArgumentParser: {remaining_args}")
ValueError: Some specified arguments are not used by the HfArgumentParser: ['--mm_hidden_size', '4096', '--mm_vision_tower_hidden_size', '1152']
Traceback (most recent call last):
  File "/hpc2ssd/JH_DATA/spooler/yuxuanzhao/lijungang/wujie/LLaDA-V/train/llava/train/train_mem.py", line 4, in <module>
    train()
  File "/hpc2ssd/JH_DATA/spooler/yuxuanzhao/lijungang/wujie/LLaDA-V/train/llava/train/train.py", line 1770, in train
    model_args, data_args, training_args = parser.parse_args_into_dataclasses()
  File "/hpc2hdd/home/yuxuanzhao/miniconda3/envs/dllm/lib/python3.9/site-packages/transformers/hf_argparser.py", line 348, in parse_args_into_dataclasses
    raise ValueError(f"Some specified arguments are not used by the HfArgumentParser: {remaining_args}")
ValueError: Some specified arguments are not used by the HfArgumentParser: ['--mm_hidden_size', '4096', '--mm_vision_tower_hidden_size', '1152']
[2025-08-25 20:11:57,193] torch.distributed.elastic.multiprocessing.api: [ERROR] failed (exitcode: 1) local_rank: 0 (pid: 2502810) of binary: /hpc2hdd/home/yuxuanzhao/miniconda3/envs/dllm/bin/python
Traceback (most recent call last):
  File "/hpc2hdd/home/yuxuanzhao/miniconda3/envs/dllm/bin/torchrun", line 33, in <module>
    sys.exit(load_entry_point('torch==2.1.2', 'console_scripts', 'torchrun')())
  File "/hpc2hdd/home/yuxuanzhao/miniconda3/envs/dllm/lib/python3.9/site-packages/torch/distributed/elastic/multiprocessing/errors/__init__.py", line 346, in wrapper
    return f(*args, **kwargs)
  File "/hpc2hdd/home/yuxuanzhao/miniconda3/envs/dllm/lib/python3.9/site-packages/torch/distributed/run.py", line 806, in main
    run(args)
  File "/hpc2hdd/home/yuxuanzhao/miniconda3/envs/dllm/lib/python3.9/site-packages/torch/distributed/run.py", line 797, in run
    elastic_launch(
  File "/hpc2hdd/home/yuxuanzhao/miniconda3/envs/dllm/lib/python3.9/site-packages/torch/distributed/launcher/api.py", line 134, in __call__
    return launch_agent(self._config, self._entrypoint, list(args))
  File "/hpc2hdd/home/yuxuanzhao/miniconda3/envs/dllm/lib/python3.9/site-packages/torch/distributed/launcher/api.py", line 264, in launch_agent
    raise ChildFailedError(
torch.distributed.elastic.multiprocessing.errors.ChildFailedError: 
============================================================
llava/train/train_mem.py FAILED
------------------------------------------------------------
Failures:
[1]:
  time      : 2025-08-25_20:11:57
  host      : 956aa2bad2ae
  rank      : 1 (local_rank: 1)
  exitcode  : 1 (pid: 2502811)
  error_file: <N/A>
  traceback : To enable traceback see: https://pytorch.org/docs/stable/elastic/errors.html
[2]:
  time      : 2025-08-25_20:11:57
  host      : 956aa2bad2ae
  rank      : 2 (local_rank: 2)
  exitcode  : 1 (pid: 2502812)
  error_file: <N/A>
  traceback : To enable traceback see: https://pytorch.org/docs/stable/elastic/errors.html
------------------------------------------------------------
Root Cause (first observed failure):
[0]:
  time      : 2025-08-25_20:11:57
  host      : 956aa2bad2ae
  rank      : 0 (local_rank: 0)
  exitcode  : 1 (pid: 2502810)
  error_file: <N/A>
  traceback : To enable traceback see: https://pytorch.org/docs/stable/elastic/errors.html
============================================================
