[2025-09-13 04:08:07,747] [INFO] [real_accelerator.py:158:get_accelerator] Setting ds_accelerator to cuda (auto detect)
Please install pyav to use video processing functions.
Traceback (most recent call last):
  File "/hpc2ssd/JH_DATA/spooler/yuxuanzhao/lijungang/wujie/LLaDA-V/train/llava/train/train_dpo.py", line 45, in <module>
    from data_processing.utils import load_jsonl, load_json
  File "/hpc2ssd/JH_DATA/spooler/yuxuanzhao/lijungang/wujie/LLaDA-V/data_processing/__init__.py", line 1, in <module>
    from utils import load_jsonl, load_json
ModuleNotFoundError: No module named 'utils'
[2025-09-13 04:08:14,617] torch.distributed.elastic.multiprocessing.api: [ERROR] failed (exitcode: 1) local_rank: 0 (pid: 3930969) of binary: /hpc2hdd/home/yuxuanzhao/miniconda3/envs/dllm/bin/python
Traceback (most recent call last):
  File "/hpc2hdd/home/yuxuanzhao/miniconda3/envs/dllm/bin/torchrun", line 33, in <module>
    sys.exit(load_entry_point('torch==2.1.2', 'console_scripts', 'torchrun')())
  File "/hpc2hdd/home/yuxuanzhao/miniconda3/envs/dllm/lib/python3.9/site-packages/torch/distributed/elastic/multiprocessing/errors/__init__.py", line 346, in wrapper
    return f(*args, **kwargs)
  File "/hpc2hdd/home/yuxuanzhao/miniconda3/envs/dllm/lib/python3.9/site-packages/torch/distributed/run.py", line 806, in main
    run(args)
  File "/hpc2hdd/home/yuxuanzhao/miniconda3/envs/dllm/lib/python3.9/site-packages/torch/distributed/run.py", line 797, in run
    elastic_launch(
  File "/hpc2hdd/home/yuxuanzhao/miniconda3/envs/dllm/lib/python3.9/site-packages/torch/distributed/launcher/api.py", line 134, in __call__
    return launch_agent(self._config, self._entrypoint, list(args))
  File "/hpc2hdd/home/yuxuanzhao/miniconda3/envs/dllm/lib/python3.9/site-packages/torch/distributed/launcher/api.py", line 264, in launch_agent
    raise ChildFailedError(
torch.distributed.elastic.multiprocessing.errors.ChildFailedError: 
============================================================
llava/train/train_dpo.py FAILED
------------------------------------------------------------
Failures:
  <NO_OTHER_FAILURES>
------------------------------------------------------------
Root Cause (first observed failure):
[0]:
  time      : 2025-09-13_04:08:14
  host      : d5fd97d7a706
  rank      : 0 (local_rank: 0)
  exitcode  : 1 (pid: 3930969)
  error_file: <N/A>
  traceback : To enable traceback see: https://pytorch.org/docs/stable/elastic/errors.html
============================================================
