[2025-09-13 04:34:19,533] [INFO] [real_accelerator.py:158:get_accelerator] Setting ds_accelerator to cuda (auto detect)
Please install pyav to use video processing functions.
/hpc2hdd/home/yuxuanzhao/miniconda3/envs/dllm/lib/python3.9/site-packages/huggingface_hub/file_download.py:945: FutureWarning: `resume_download` is deprecated and will be removed in version 1.0.0. Downloads always resume when possible. If you want to force a new download, use `force_download=True`.
  warnings.warn(
OpenCLIP not installed
[2025-09-13 04:34:24,763] [INFO] [comm.py:637:init_distributed] cdb=None
[2025-09-13 04:34:24,763] [INFO] [comm.py:668:init_distributed] Initializing TorchBackend in DeepSpeed with backend nccl
You are using a model of type llada to instantiate a model of type llava_llada. This is not supported for all configurations of models and can yield errors.
Loading checkpoint shards:   0%|          | 0/6 [00:00<?, ?it/s]Loading checkpoint shards:  17%|█▋        | 1/6 [00:07<00:36,  7.28s/it]Loading checkpoint shards:  33%|███▎      | 2/6 [00:18<00:38,  9.60s/it]Loading checkpoint shards:  50%|█████     | 3/6 [00:29<00:30, 10.25s/it]Loading checkpoint shards:  67%|██████▋   | 4/6 [00:40<00:20, 10.49s/it]Loading checkpoint shards:  83%|████████▎ | 5/6 [00:51<00:10, 10.83s/it]Loading checkpoint shards: 100%|██████████| 6/6 [00:52<00:00,  7.36s/it]Loading checkpoint shards: 100%|██████████| 6/6 [00:52<00:00,  8.74s/it]
Traceback (most recent call last):
  File "/hpc2ssd/JH_DATA/spooler/yuxuanzhao/lijungang/wujie/LLaDA-V/train/llava/train/train_dpo.py", line 1857, in <module>
    train()
  File "/hpc2ssd/JH_DATA/spooler/yuxuanzhao/lijungang/wujie/LLaDA-V/train/llava/train/train_dpo.py", line 1566, in train
    model, ref_model = get_model(model_args, training_args, bnb_model_from_pretrained_args)
  File "/hpc2ssd/JH_DATA/spooler/yuxuanzhao/lijungang/wujie/LLaDA-V/train/llava/train/train_dpo.py", line 1351, in get_model
    model = LlavaLLaDAModelLM.from_pretrained(
  File "/hpc2hdd/home/yuxuanzhao/miniconda3/envs/dllm/lib/python3.9/site-packages/transformers/modeling_utils.py", line 3677, in from_pretrained
    ) = cls._load_pretrained_model(
  File "/hpc2hdd/home/yuxuanzhao/miniconda3/envs/dllm/lib/python3.9/site-packages/transformers/modeling_utils.py", line 4155, in _load_pretrained_model
    raise RuntimeError(f"Error(s) in loading state_dict for {model.__class__.__name__}:\n\t{error_msg}")
RuntimeError: Error(s) in loading state_dict for LlavaLLaDAModelLM:
	size mismatch for model.embed_tokens.weight: copying a param with shape torch.Size([126349, 4096]) from checkpoint, the shape in current model is torch.Size([126464, 4096]).
	size mismatch for lm_head.weight: copying a param with shape torch.Size([126349, 4096]) from checkpoint, the shape in current model is torch.Size([126464, 4096]).
	You may consider adding `ignore_mismatched_sizes=True` in the model `from_pretrained` method.
[2025-09-13 04:35:54,025] torch.distributed.elastic.multiprocessing.api: [ERROR] failed (exitcode: 1) local_rank: 0 (pid: 209696) of binary: /hpc2hdd/home/yuxuanzhao/miniconda3/envs/dllm/bin/python
Traceback (most recent call last):
  File "/hpc2hdd/home/yuxuanzhao/miniconda3/envs/dllm/bin/torchrun", line 33, in <module>
    sys.exit(load_entry_point('torch==2.1.2', 'console_scripts', 'torchrun')())
  File "/hpc2hdd/home/yuxuanzhao/miniconda3/envs/dllm/lib/python3.9/site-packages/torch/distributed/elastic/multiprocessing/errors/__init__.py", line 346, in wrapper
    return f(*args, **kwargs)
  File "/hpc2hdd/home/yuxuanzhao/miniconda3/envs/dllm/lib/python3.9/site-packages/torch/distributed/run.py", line 806, in main
    run(args)
  File "/hpc2hdd/home/yuxuanzhao/miniconda3/envs/dllm/lib/python3.9/site-packages/torch/distributed/run.py", line 797, in run
    elastic_launch(
  File "/hpc2hdd/home/yuxuanzhao/miniconda3/envs/dllm/lib/python3.9/site-packages/torch/distributed/launcher/api.py", line 134, in __call__
    return launch_agent(self._config, self._entrypoint, list(args))
  File "/hpc2hdd/home/yuxuanzhao/miniconda3/envs/dllm/lib/python3.9/site-packages/torch/distributed/launcher/api.py", line 264, in launch_agent
    raise ChildFailedError(
torch.distributed.elastic.multiprocessing.errors.ChildFailedError: 
============================================================
llava/train/train_dpo.py FAILED
------------------------------------------------------------
Failures:
  <NO_OTHER_FAILURES>
------------------------------------------------------------
Root Cause (first observed failure):
[0]:
  time      : 2025-09-13_04:35:54
  host      : d5fd97d7a706
  rank      : 0 (local_rank: 0)
  exitcode  : 1 (pid: 209696)
  error_file: <N/A>
  traceback : To enable traceback see: https://pytorch.org/docs/stable/elastic/errors.html
============================================================
